This file contains any messages produced by compilers while
running configure, to aid debugging if configure makes a mistake.

configure:587: checking for a BSD compatible install
configure:640: checking whether build environment is sane
configure:697: checking whether make sets ${MAKE}
configure:743: checking for working aclocal
configure:756: checking for working autoconf
configure:769: checking for working automake
configure:782: checking for working autoheader
configure:795: checking for working makeinfo
configure:816: checking for gcc
configure:929: checking whether the C compiler (gcc  ) works
configure:945: gcc -o conftest    conftest.c  1>&5
configure:942:1: warning: type specifier missing, defaults to 'int'; ISO C99 and later do not support implicit int [-Wimplicit-int]
main(){return(0);}
^
int
1 warning generated.
configure:971: checking whether the C compiler (gcc  ) is a cross-compiler
configure:976: checking whether we are using GNU C
configure:985: gcc -E conftest.c
configure:1004: checking whether gcc accepts -g
configure:1036: checking for POSIXized ISC
configure:1058: checking how to run the C preprocessor
configure:1079: gcc -E  conftest.c >/dev/null 2>conftest.out
configure:1138: checking for ANSI C header files
configure:1151: gcc -E  conftest.c >/dev/null 2>conftest.out
configure:1218: gcc -o conftest -g -O2   conftest.c  1>&5
configure:1213:67: error: call to undeclared library function 'exit' with type 'void (int) __attribute__((noreturn))'; ISO C99 and later do not support implicit function declarations [-Wimplicit-function-declaration]
if (XOR (islower (i), ISLOWER (i)) || toupper (i) != TOUPPER (i)) exit(2);
                                                                  ^
configure:1213:67: note: include the header <stdlib.h> or explicitly provide a declaration for 'exit'
1 error generated.
configure: failed program was:
#line 1207 "configure"
#include "confdefs.h"
#include <ctype.h>
#define ISLOWER(c) ('a' <= (c) && (c) <= 'z')
#define TOUPPER(c) (ISLOWER(c) ? 'A' + ((c) - 'a') : (c))
#define XOR(e, f) (((e) && !(f)) || (!(e) && (f)))
int main () { int i; for (i = 0; i < 256; i++)
if (XOR (islower (i), ISLOWER (i)) || toupper (i) != TOUPPER (i)) exit(2);
exit (0); }

configure:1245: checking for fcntl.h
configure:1255: gcc -E  conftest.c >/dev/null 2>conftest.out
configure:1245: checking for unistd.h
configure:1255: gcc -E  conftest.c >/dev/null 2>conftest.out
configure:1245: checking for malloc.h
configure:1255: gcc -E  conftest.c >/dev/null 2>conftest.out
configure:1251:10: fatal error: 'malloc.h' file not found
#include <malloc.h>
         ^~~~~~~~~~
1 error generated.
configure: failed program was:
#line 1250 "configure"
#include "confdefs.h"
#include <malloc.h>
configure:1245: checking for termios.h
configure:1255: gcc -E  conftest.c >/dev/null 2>conftest.out
configure:1245: checking for termio.h
configure:1255: gcc -E  conftest.c >/dev/null 2>conftest.out
configure:1251:10: fatal error: 'termio.h' file not found
#include <termio.h>
         ^~~~~~~~~~
1 error generated.
configure: failed program was:
#line 1250 "configure"
#include "confdefs.h"
#include <termio.h>
configure:1245: checking for limits.h
configure:1255: gcc -E  conftest.c >/dev/null 2>conftest.out
configure:1245: checking for getopt.h
configure:1255: gcc -E  conftest.c >/dev/null 2>conftest.out
configure:1245: checking for regex.h
configure:1255: gcc -E  conftest.c >/dev/null 2>conftest.out
configure:1387: checking whether to use slang
configure:1619: checking for snprintf
configure:1647: gcc -o conftest -g -O2   conftest.c  1>&5
configure:1631:6: warning: incompatible redeclaration of library function 'snprintf' [-Wincompatible-library-redeclaration]
char snprintf();
     ^
configure:1631:6: note: 'snprintf' is a builtin with type 'int (char *, unsigned long, const char *, ...)'
1 warning generated.
configure:1619: checking for vsnprintf
configure:1647: gcc -o conftest -g -O2   conftest.c  1>&5
configure:1631:6: warning: incompatible redeclaration of library function 'vsnprintf' [-Wincompatible-library-redeclaration]
char vsnprintf();
     ^
configure:1631:6: note: 'vsnprintf' is a builtin with type 'int (char *, unsigned long, const char *, struct __va_list_tag *)'
1 warning generated.
configure:1951: checking return type of signal handlers
configure:1973: gcc -c -g -O2  conftest.c 1>&5
configure:1965:8: warning: a function declaration without a prototype is deprecated in all versions of C and is treated as a zero-parameter prototype in C2x, conflicting with a previous declaration [-Wdeprecated-non-prototype]
void (*signal ()) ();
       ^
/Applications/Xcode.app/Contents/Developer/Platforms/MacOSX.platform/Developer/SDKs/MacOSX.sdk/usr/include/sys/signal.h:390:7: note: conflicting prototype is here
void(*signal(int, void (*)(int)))(int);
      ^
1 warning generated.
configure:1992: checking for vprintf
configure:2020: gcc -o conftest -g -O2   conftest.c  1>&5
configure:2004:6: warning: incompatible redeclaration of library function 'vprintf' [-Wincompatible-library-redeclaration]
char vprintf();
     ^
configure:2004:6: note: 'vprintf' is a builtin with type 'int (const char *, struct __va_list_tag *)'
1 warning generated.
configure:2099: checking for getopt_long
configure:2127: gcc -o conftest -g -O2   conftest.c  1>&5
configure:2160: checking for curses.h
configure:2170: gcc -E  conftest.c >/dev/null 2>conftest.out
configure:2160: checking for ncurses.h
configure:2170: gcc -E  conftest.c >/dev/null 2>conftest.out
configure:2197: checking for tgetent in -lncurses
configure:2216: gcc -o conftest -g -O2   conftest.c -lncurses   1>&5
configure:2384: checking for wresize in -lncurses
configure:2403: gcc -o conftest -g -O2   conftest.c -lncurses   1>&5
configure:2427: checking for resizeterm in -lncurses
configure:2446: gcc -o conftest -g -O2   conftest.c -lncurses   1>&5
configure:2472: checking for private member _use_keypad in WINDOW
configure:2488: gcc -c -g -O2  conftest.c 1>&5
configure:2484:8: error: variable has incomplete type 'WINDOW' (aka 'struct _win_st')
WINDOW w; w._use_keypad;
       ^
/Applications/Xcode.app/Contents/Developer/Platforms/MacOSX.platform/Developer/SDKs/MacOSX.sdk/usr/include/ncurses.h:365:16: note: forward declaration of 'struct _win_st'
typedef struct _win_st WINDOW;
               ^
1 error generated.
configure: failed program was:
#line 2477 "configure"
#include "confdefs.h"
#ifdef HAVE_NCURSES_H
#include <ncurses.h>
#else
#include <curses.h>
#endif
int main() {
WINDOW w; w._use_keypad;
; return 0; }
configure:2534: checking for ranlib
configure:2562: checking for working const
configure:2616: gcc -c -g -O2  conftest.c 1>&5
configure:2637: checking for inline
configure:2651: gcc -c -g -O2  conftest.c 1>&5
configure:2647:10: warning: type specifier missing, defaults to 'int'; ISO C99 and later do not support implicit int [-Wimplicit-int]
} inline foo() {
  ~~~~~~ ^
  int
1 warning generated.
configure:2677: checking for off_t
configure:2710: checking for size_t
configure:2745: checking for working alloca.h
configure:2757: gcc -o conftest -g -O2   conftest.c  -lncurses 1>&5
configure:2778: checking for alloca
configure:2811: gcc -o conftest -g -O2   conftest.c  -lncurses 1>&5
configure:2980: checking for unistd.h
configure:3019: checking for getpagesize
configure:3047: gcc -o conftest -g -O2   conftest.c  -lncurses 1>&5
configure:3072: checking for working mmap
configure:3220: gcc -o conftest -g -O2   conftest.c  -lncurses 1>&5
configure:3151:7: warning: incompatible redeclaration of library function 'malloc' [-Wincompatible-library-redeclaration]
char *malloc();
      ^
configure:3151:7: note: 'malloc' is a builtin with type 'void *(unsigned long)'
configure:3161:13: error: call to undeclared function 'getpagesize'; ISO C99 and later do not support implicit function declarations [-Wimplicit-function-declaration]
        pagesize = getpagesize();
                   ^
configure:3166:15: warning: passing arguments to 'malloc' without a prototype is deprecated in all versions of C and is not supported in C2x [-Wdeprecated-non-prototype]
        data = malloc(pagesize);
                     ^
configure:3168:3: error: call to undeclared library function 'exit' with type 'void (int) __attribute__((noreturn))'; ISO C99 and later do not support implicit function declarations [-Wimplicit-function-declaration]
                exit(1);
                ^
configure:3168:3: note: include the header <stdlib.h> or explicitly provide a declaration for 'exit'
configure:3170:17: error: call to undeclared function 'rand'; ISO C99 and later do not support implicit function declarations [-Wimplicit-function-declaration]
                *(data + i) = rand();
                              ^
configure:3171:2: error: call to undeclared function 'umask'; ISO C99 and later do not support implicit function declarations [-Wimplicit-function-declaration]
        umask(0);
        ^
configure:3175:6: error: call to undeclared function 'write'; ISO C99 and later do not support implicit function declarations [-Wimplicit-function-declaration]
        if (write(fd, data, pagesize) != pagesize)
            ^
configure:3177:2: error: call to undeclared function 'close'; ISO C99 and later do not support implicit function declarations [-Wimplicit-function-declaration]
        close(fd);
        ^
configure:3187:16: warning: passing arguments to 'malloc' without a prototype is deprecated in all versions of C and is not supported in C2x [-Wdeprecated-non-prototype]
        data2 = malloc(2 * pagesize);
                      ^
configure:3190:24: warning: cast to smaller integer type 'int' from 'char *' [-Wpointer-to-int-cast]
        data2 += (pagesize - ((int) data2 & (pagesize - 1))) & (pagesize - 1);
                              ^~~~~~~~~~~
configure:3205:16: warning: passing arguments to 'malloc' without a prototype is deprecated in all versions of C and is not supported in C2x [-Wdeprecated-non-prototype]
        data3 = malloc(pagesize);
                      ^
configure:3208:6: error: call to undeclared function 'read'; ISO C99 and later do not support implicit function declarations [-Wimplicit-function-declaration]
        if (read(fd, data3, pagesize) != pagesize)
            ^
configure:3214:2: error: call to undeclared function 'unlink'; ISO C99 and later do not support implicit function declarations [-Wimplicit-function-declaration]
        unlink("conftestmmap");
        ^
5 warnings and 8 errors generated.
configure: failed program was:
#line 3080 "configure"
#include "confdefs.h"

/* Thanks to Mike Haertel and Jim Avera for this test.
   Here is a matrix of mmap possibilities:
	mmap private not fixed
	mmap private fixed at somewhere currently unmapped
	mmap private fixed at somewhere already mapped
	mmap shared not fixed
	mmap shared fixed at somewhere currently unmapped
	mmap shared fixed at somewhere already mapped
   For private mappings, we should verify that changes cannot be read()
   back from the file, nor mmap's back from the file at a different
   address.  (There have been systems where private was not correctly
   implemented like the infamous i386 svr4.0, and systems where the
   VM page cache was not coherent with the filesystem buffer cache
   like early versions of FreeBSD and possibly contemporary NetBSD.)
   For shared mappings, we should conversely verify that changes get
   propogated back to all the places they're supposed to be.

   Grep wants private fixed already mapped.
   The main things grep needs to know about mmap are:
   * does it exist and is it safe to write into the mmap'd area
   * how to use it (BSD variants)  */
#include <sys/types.h>
#include <fcntl.h>
#include <sys/mman.h>

/* This mess was copied from the GNU getpagesize.h.  */
#ifndef HAVE_GETPAGESIZE
# ifdef HAVE_UNISTD_H
#  include <unistd.h>
# endif

/* Assume that all systems that can run configure have sys/param.h.  */
# ifndef HAVE_SYS_PARAM_H
#  define HAVE_SYS_PARAM_H 1
# endif

# ifdef _SC_PAGESIZE
#  define getpagesize() sysconf(_SC_PAGESIZE)
# else /* no _SC_PAGESIZE */
#  ifdef HAVE_SYS_PARAM_H
#   include <sys/param.h>
#   ifdef EXEC_PAGESIZE
#    define getpagesize() EXEC_PAGESIZE
#   else /* no EXEC_PAGESIZE */
#    ifdef NBPG
#     define getpagesize() NBPG * CLSIZE
#     ifndef CLSIZE
#      define CLSIZE 1
#     endif /* no CLSIZE */
#    else /* no NBPG */
#     ifdef NBPC
#      define getpagesize() NBPC
#     else /* no NBPC */
#      ifdef PAGESIZE
#       define getpagesize() PAGESIZE
#      endif /* PAGESIZE */
#     endif /* no NBPC */
#    endif /* no NBPG */
#   endif /* no EXEC_PAGESIZE */
#  else /* no HAVE_SYS_PARAM_H */
#   define getpagesize() 8192	/* punt totally */
#  endif /* no HAVE_SYS_PARAM_H */
# endif /* no _SC_PAGESIZE */

#endif /* no HAVE_GETPAGESIZE */

#ifdef __cplusplus
extern "C" { void *malloc(unsigned); }
#else
char *malloc();
#endif

int
main()
{
	char *data, *data2, *data3;
	int i, pagesize;
	int fd;

	pagesize = getpagesize();

	/*
	 * First, make a file with some known garbage in it.
	 */
	data = malloc(pagesize);
	if (!data)
		exit(1);
	for (i = 0; i < pagesize; ++i)
		*(data + i) = rand();
	umask(0);
	fd = creat("conftestmmap", 0600);
	if (fd < 0)
		exit(1);
	if (write(fd, data, pagesize) != pagesize)
		exit(1);
	close(fd);

	/*
	 * Next, try to mmap the file at a fixed address which
	 * already has something else allocated at it.  If we can,
	 * also make sure that we see the same garbage.
	 */
	fd = open("conftestmmap", O_RDWR);
	if (fd < 0)
		exit(1);
	data2 = malloc(2 * pagesize);
	if (!data2)
		exit(1);
	data2 += (pagesize - ((int) data2 & (pagesize - 1))) & (pagesize - 1);
	if (data2 != mmap(data2, pagesize, PROT_READ | PROT_WRITE,
	    MAP_PRIVATE | MAP_FIXED, fd, 0L))
		exit(1);
	for (i = 0; i < pagesize; ++i)
		if (*(data + i) != *(data2 + i))
			exit(1);

	/*
	 * Finally, make sure that changes to the mapped area
	 * do not percolate back to the file as seen by read().
	 * (This is a bug on some variants of i386 svr4.0.)
	 */
	for (i = 0; i < pagesize; ++i)
		*(data2 + i) = *(data2 + i) + 1;
	data3 = malloc(pagesize);
	if (!data3)
		exit(1);
	if (read(fd, data3, pagesize) != pagesize)
		exit(1);
	for (i = 0; i < pagesize; ++i)
		if (*(data + i) != *(data3 + i))
			exit(1);
	close(fd);
	unlink("conftestmmap");
	exit(0);
}

configure:3248: checking for argz.h
configure:3258: gcc -E  conftest.c >/dev/null 2>conftest.out
configure:3254:10: fatal error: 'argz.h' file not found
#include <argz.h>
         ^~~~~~~~
1 error generated.
configure: failed program was:
#line 3253 "configure"
#include "confdefs.h"
#include <argz.h>
configure:3248: checking for limits.h
configure:3248: checking for locale.h
configure:3258: gcc -E  conftest.c >/dev/null 2>conftest.out
configure:3248: checking for nl_types.h
configure:3258: gcc -E  conftest.c >/dev/null 2>conftest.out
configure:3248: checking for malloc.h
configure:3248: checking for string.h
configure:3258: gcc -E  conftest.c >/dev/null 2>conftest.out
configure:3248: checking for unistd.h
configure:3248: checking for sys/param.h
configure:3258: gcc -E  conftest.c >/dev/null 2>conftest.out
configure:3288: checking for getcwd
configure:3316: gcc -o conftest -g -O2   conftest.c  -lncurses 1>&5
configure:3288: checking for munmap
configure:3316: gcc -o conftest -g -O2   conftest.c  -lncurses 1>&5
configure:3288: checking for putenv
configure:3316: gcc -o conftest -g -O2   conftest.c  -lncurses 1>&5
configure:3288: checking for setenv
configure:3316: gcc -o conftest -g -O2   conftest.c  -lncurses 1>&5
configure:3288: checking for setlocale
configure:3316: gcc -o conftest -g -O2   conftest.c  -lncurses 1>&5
configure:3288: checking for strchr
configure:3316: gcc -o conftest -g -O2   conftest.c  -lncurses 1>&5
configure:3300:6: warning: incompatible redeclaration of library function 'strchr' [-Wincompatible-library-redeclaration]
char strchr();
     ^
configure:3300:6: note: 'strchr' is a builtin with type 'char *(const char *, int)'
1 warning generated.
configure:3288: checking for strcasecmp
configure:3316: gcc -o conftest -g -O2   conftest.c  -lncurses 1>&5
configure:3300:6: warning: incompatible redeclaration of library function 'strcasecmp' [-Wincompatible-library-redeclaration]
char strcasecmp();
     ^
configure:3300:6: note: 'strcasecmp' is a builtin with type 'int (const char *, const char *)'
1 warning generated.
configure:3288: checking for strdup
configure:3316: gcc -o conftest -g -O2   conftest.c  -lncurses 1>&5
configure:3300:6: warning: incompatible redeclaration of library function 'strdup' [-Wincompatible-library-redeclaration]
char strdup();
     ^
configure:3300:6: note: 'strdup' is a builtin with type 'char *(const char *)'
1 warning generated.
configure:3288: checking for __argz_count
configure:3316: gcc -o conftest -g -O2   conftest.c  -lncurses 1>&5
ld: Undefined symbols:
  ___argz_count, referenced from:
      _main in conftest-43c238.o
clang: error: linker command failed with exit code 1 (use -v to see invocation)
configure: failed program was:
#line 3293 "configure"
#include "confdefs.h"
/* System header to define __stub macros and hopefully few prototypes,
    which can conflict with char __argz_count(); below.  */
#include <assert.h>
/* Override any gcc2 internal prototype to avoid an error.  */
/* We use char because int might match the return type of a gcc2
    builtin and then its argument prototype would still apply.  */
char __argz_count();

int main() {

/* The GNU C library defines this for functions which it implements
    to always fail with ENOSYS.  Some functions are actually named
    something starting with __ and the normal name is an alias.  */
#if defined (__stub___argz_count) || defined (__stub_____argz_count)
choke me
#else
__argz_count();
#endif

; return 0; }
configure:3288: checking for __argz_stringify
configure:3316: gcc -o conftest -g -O2   conftest.c  -lncurses 1>&5
ld: Undefined symbols:
  ___argz_stringify, referenced from:
      _main in conftest-5c03f0.o
clang: error: linker command failed with exit code 1 (use -v to see invocation)
configure: failed program was:
#line 3293 "configure"
#include "confdefs.h"
/* System header to define __stub macros and hopefully few prototypes,
    which can conflict with char __argz_stringify(); below.  */
#include <assert.h>
/* Override any gcc2 internal prototype to avoid an error.  */
/* We use char because int might match the return type of a gcc2
    builtin and then its argument prototype would still apply.  */
char __argz_stringify();

int main() {

/* The GNU C library defines this for functions which it implements
    to always fail with ENOSYS.  Some functions are actually named
    something starting with __ and the normal name is an alias.  */
#if defined (__stub___argz_stringify) || defined (__stub_____argz_stringify)
choke me
#else
__argz_stringify();
#endif

; return 0; }
configure:3288: checking for __argz_next
configure:3316: gcc -o conftest -g -O2   conftest.c  -lncurses 1>&5
ld: Undefined symbols:
  ___argz_next, referenced from:
      _main in conftest-18f2f8.o
clang: error: linker command failed with exit code 1 (use -v to see invocation)
configure: failed program was:
#line 3293 "configure"
#include "confdefs.h"
/* System header to define __stub macros and hopefully few prototypes,
    which can conflict with char __argz_next(); below.  */
#include <assert.h>
/* Override any gcc2 internal prototype to avoid an error.  */
/* We use char because int might match the return type of a gcc2
    builtin and then its argument prototype would still apply.  */
char __argz_next();

int main() {

/* The GNU C library defines this for functions which it implements
    to always fail with ENOSYS.  Some functions are actually named
    something starting with __ and the normal name is an alias.  */
#if defined (__stub___argz_next) || defined (__stub_____argz_next)
choke me
#else
__argz_next();
#endif

; return 0; }
configure:3345: checking for stpcpy
configure:3373: gcc -o conftest -g -O2   conftest.c  -lncurses 1>&5
configure:3357:6: warning: incompatible redeclaration of library function 'stpcpy' [-Wincompatible-library-redeclaration]
char stpcpy();
     ^
configure:3357:6: note: 'stpcpy' is a builtin with type 'char *(char *, const char *)'
1 warning generated.
configure:3407: checking for LC_MESSAGES
configure:3419: gcc -o conftest -g -O2   conftest.c  -lncurses 1>&5
configure:3440: checking whether NLS is requested
configure:3460: checking whether included gettext is requested
configure:3479: checking for libintl.h
configure:3489: gcc -E  conftest.c >/dev/null 2>conftest.out
configure:3506: checking for gettext in libc
configure:3518: gcc -o conftest -g -O2   conftest.c  -lncurses 1>&5
configure:3514:8: warning: cast to smaller integer type 'int' from 'char *' [-Wpointer-to-int-cast]
return (int) gettext ("")
       ^~~~~~~~~~~~~~~~~~
1 warning generated.
ld: Undefined symbols:
  _libintl_gettext, referenced from:
      _main in conftest-abf05c.o
clang: error: linker command failed with exit code 1 (use -v to see invocation)
configure: failed program was:
#line 3511 "configure"
#include "confdefs.h"
#include <libintl.h>
int main() {
return (int) gettext ("")
; return 0; }
configure:3534: checking for bindtextdomain in -lintl
configure:3553: gcc -o conftest -g -O2   conftest.c -lintl   -lncurses 1>&5
configure:3569: checking for gettext in libintl
configure:3574: checking for gettext in -lintl
configure:3593: gcc -o conftest -g -O2   conftest.c -lintl   -lncurses 1>&5
configure:3632: checking for msgfmt
configure:3666: checking for dcgettext
configure:3694: gcc -o conftest -g -O2   conftest.c  -lncurses 1>&5
ld: Undefined symbols:
  _dcgettext, referenced from:
      _main in conftest-a35ba9.o
clang: error: linker command failed with exit code 1 (use -v to see invocation)
configure: failed program was:
#line 3671 "configure"
#include "confdefs.h"
/* System header to define __stub macros and hopefully few prototypes,
    which can conflict with char dcgettext(); below.  */
#include <assert.h>
/* Override any gcc2 internal prototype to avoid an error.  */
/* We use char because int might match the return type of a gcc2
    builtin and then its argument prototype would still apply.  */
char dcgettext();

int main() {

/* The GNU C library defines this for functions which it implements
    to always fail with ENOSYS.  Some functions are actually named
    something starting with __ and the normal name is an alias.  */
#if defined (__stub_dcgettext) || defined (__stub___dcgettext)
choke me
#else
dcgettext();
#endif

; return 0; }
configure:3721: checking for gmsgfmt
configure:3757: checking for xgettext
configure:3797: gcc -o conftest -g -O2   conftest.c  -lncurses 1>&5
ld: Undefined symbols:
  __nl_msg_cat_cntr, referenced from:
      _main in conftest-5f40d6.o
clang: error: linker command failed with exit code 1 (use -v to see invocation)
configure: failed program was:
#line 3789 "configure"
#include "confdefs.h"

int main() {
extern int _nl_msg_cat_cntr;
			       return _nl_msg_cat_cntr
; return 0; }
configure:4255: checking for catalogs to be installed
